--------------- Build Started: 01/15/2022 05:41:01 Project: MainProject, Configuration: ARM GCC 5.4-2016-q2-update Debug ---------------
cydsfit.exe -.appdatapath "C:\Users\petro\AppData\Local\Cypress Semiconductor\PSoC Creator\4.4" -.fdsnotice -.fdswarpdepfile=warp_dependencies.txt -.fdselabdepfile=elab_dependencies.txt -.fdsbldfile=generated_files.txt -.fdsreffile=referenced_files.txt -p "C:\Users\petro\Documents\PSoC Creator\Tests\MainProject.cydsn\MainProject.cyprj" -d CY8C6247BZI-D54 -s "C:\Users\petro\Documents\PSoC Creator\Tests\MainProject.cydsn\Generated_Source\PSoC6" -- -yv2 -q10 -ygs -o2 -v3 -.fftcfgtype=LE
Elaborating Design...
ADD: sdb.M0061: information: Info from component: ADC. Off-chip Vref bypass does not have any effect when Vref is set to VDDA.
 * C:\Users\petro\Documents\PSoC Creator\Tests\MainProject.cydsn\TopDesign\TopDesign.cysch (Instance:ADC)
HDL Generation...
Synthesis...
Tech Mapping...
Info: plm.M0038: The pin named CY_CPUSS_SWJ_SWCLK_TCLK(0) at location P6[7] prevents usage of special purposes: CSD[0].csd_tx. (App=cydsfit)
Info: plm.M0038: The pin named CY_CPUSS_SWJ_SWCLK_TCLK(0) at location P6[7] prevents usage of special purposes: CSD[0].csd_tx_n. (App=cydsfit)
Info: plm.M0038: The pin named CY_CPUSS_SWJ_SWCLK_TCLK(0) at location P6[7] prevents usage of special purposes: SCB[6].uart_cts. (App=cydsfit)
Info: plm.M0038: The pin named CY_CPUSS_SWJ_SWCLK_TCLK(0) at location P6[7] prevents usage of special purposes: SCB[6].spi_select[0]. (App=cydsfit)
Info: plm.M0038: The pin named CY_CPUSS_SWJ_SWCLK_TCLK(0) at location P6[7] prevents usage of special purposes: SCB[8].spi_select[0]. (App=cydsfit)
Info: plm.M0038: The pin named CY_CPUSS_SWJ_SWDIO_TMS(0) at location P6[6] prevents usage of special purposes: CSD[0].csd_tx. (App=cydsfit)
Info: plm.M0038: The pin named CY_CPUSS_SWJ_SWDIO_TMS(0) at location P6[6] prevents usage of special purposes: CSD[0].csd_tx_n. (App=cydsfit)
Info: plm.M0038: The pin named CY_CPUSS_SWJ_SWDIO_TMS(0) at location P6[6] prevents usage of special purposes: SCB[6].uart_rts. (App=cydsfit)
Info: plm.M0038: The pin named CY_CPUSS_SWJ_SWDIO_TMS(0) at location P6[6] prevents usage of special purposes: SCB[6].spi_clk. (App=cydsfit)
Info: plm.M0038: The pin named CY_CPUSS_SWJ_SWDIO_TMS(0) at location P6[6] prevents usage of special purposes: SCB[8].spi_clk. (App=cydsfit)
Info: plm.M0038: The pin named d(0) at location P9[0] prevents usage of special purposes: CSD[0].csd_tx. (App=cydsfit)
Info: plm.M0038: The pin named d(0) at location P9[0] prevents usage of special purposes: CSD[0].csd_tx_n. (App=cydsfit)
Info: plm.M0038: The pin named d(0) at location P9[0] prevents usage of special purposes: SCB[2].uart_rx. (App=cydsfit)
Info: plm.M0038: The pin named d(0) at location P9[0] prevents usage of special purposes: SCB[2].i2c_scl. (App=cydsfit)
Info: plm.M0038: The pin named d(0) at location P9[0] prevents usage of special purposes: SCB[2].spi_mosi. (App=cydsfit)
Info: plm.M0038: The pin named d(0) at location P9[0] prevents usage of special purposes: CPUSS[0].trace_data[3]. (App=cydsfit)
Info: plm.M0038: The pin named d(1) at location P9[1] prevents usage of special purposes: CSD[0].csd_tx. (App=cydsfit)
Info: plm.M0038: The pin named d(1) at location P9[1] prevents usage of special purposes: CSD[0].csd_tx_n. (App=cydsfit)
Info: plm.M0038: The pin named d(1) at location P9[1] prevents usage of special purposes: SCB[2].uart_tx. (App=cydsfit)
Info: plm.M0038: The pin named d(1) at location P9[1] prevents usage of special purposes: SCB[2].i2c_sda. (App=cydsfit)
Info: plm.M0038: The pin named d(1) at location P9[1] prevents usage of special purposes: SCB[2].spi_miso. (App=cydsfit)
Info: plm.M0038: The pin named d(1) at location P9[1] prevents usage of special purposes: CPUSS[0].trace_data[2]. (App=cydsfit)
Info: plm.M0038: The pin named d(2) at location P9[2] prevents usage of special purposes: CSD[0].csd_tx. (App=cydsfit)
Info: plm.M0038: The pin named d(2) at location P9[2] prevents usage of special purposes: CSD[0].csd_tx_n. (App=cydsfit)
Info: plm.M0038: The pin named d(2) at location P9[2] prevents usage of special purposes: SCB[2].uart_rts. (App=cydsfit)
Info: plm.M0038: The pin named d(2) at location P9[2] prevents usage of special purposes: SCB[2].spi_clk. (App=cydsfit)
Info: plm.M0038: The pin named d(2) at location P9[2] prevents usage of special purposes: CPUSS[0].trace_data[1]. (App=cydsfit)
Info: plm.M0038: The pin named d(3) at location P9[4] prevents usage of special purposes: CSD[0].csd_tx. (App=cydsfit)
Info: plm.M0038: The pin named d(3) at location P9[4] prevents usage of special purposes: CSD[0].csd_tx_n. (App=cydsfit)
Info: plm.M0038: The pin named d(3) at location P9[4] prevents usage of special purposes: SCB[2].spi_select[1]. (App=cydsfit)
Info: plm.M0038: The pin named d(4) at location P9[5] prevents usage of special purposes: CSD[0].csd_tx. (App=cydsfit)
Info: plm.M0038: The pin named d(4) at location P9[5] prevents usage of special purposes: CSD[0].csd_tx_n. (App=cydsfit)
Info: plm.M0038: The pin named d(4) at location P9[5] prevents usage of special purposes: SCB[2].spi_select[2]. (App=cydsfit)
Info: plm.M0038: The pin named d(5) at location P0[2] prevents usage of special purposes: CSD[0].csd_tx. (App=cydsfit)
Info: plm.M0038: The pin named d(5) at location P0[2] prevents usage of special purposes: CSD[0].csd_tx_n. (App=cydsfit)
Info: plm.M0038: The pin named d(5) at location P0[2] prevents usage of special purposes: SCB[0].uart_rx. (App=cydsfit)
Info: plm.M0038: The pin named d(5) at location P0[2] prevents usage of special purposes: SCB[0].i2c_scl. (App=cydsfit)
Info: plm.M0038: The pin named d(5) at location P0[2] prevents usage of special purposes: SCB[0].spi_mosi. (App=cydsfit)
Info: plm.M0038: The pin named d(6) at location P13[0] prevents usage of special purposes: CSD[0].csd_tx. (App=cydsfit)
Info: plm.M0038: The pin named d(6) at location P13[0] prevents usage of special purposes: CSD[0].csd_tx_n. (App=cydsfit)
Info: plm.M0038: The pin named d(6) at location P13[0] prevents usage of special purposes: SCB[6].uart_rx. (App=cydsfit)
Info: plm.M0038: The pin named d(6) at location P13[0] prevents usage of special purposes: SCB[6].i2c_scl. (App=cydsfit)
Info: plm.M0038: The pin named d(6) at location P13[0] prevents usage of special purposes: SCB[6].spi_mosi. (App=cydsfit)
Info: plm.M0038: The pin named d(7) at location P13[1] prevents usage of special purposes: CSD[0].csd_tx. (App=cydsfit)
Info: plm.M0038: The pin named d(7) at location P13[1] prevents usage of special purposes: CSD[0].csd_tx_n. (App=cydsfit)
Info: plm.M0038: The pin named d(7) at location P13[1] prevents usage of special purposes: SCB[6].uart_tx. (App=cydsfit)
Info: plm.M0038: The pin named d(7) at location P13[1] prevents usage of special purposes: SCB[6].i2c_sda. (App=cydsfit)
Info: plm.M0038: The pin named d(7) at location P13[1] prevents usage of special purposes: SCB[6].spi_miso. (App=cydsfit)
Analog Placement...
Analog Routing...
Analog Code Generation...
Digital Placement...
Digital Routing...
Bitstream Generation...
Bitstream Verification...
Static timing analysis...
API Generation...
Dependency Generation...
Cleanup...
--------------- Build Skipped: 01/15/2022 05:41:50 ---------------
